2024-07-04 14:47:31,295 - INFO - Scraping Page 1
2024-07-04 14:47:31,303 - INFO - Random quote: “A woman is like a tea bag; you never know how strong it is until it's in hot water.”
2024-07-04 14:47:34,516 - INFO - Scraping Page 2
2024-07-04 14:47:34,523 - INFO - Random quote: “I may not have gone where I intended to go, but I think I have ended up where I needed to be.”
2024-07-04 14:47:37,758 - INFO - Scraping Page 3
2024-07-04 14:47:37,764 - INFO - Random quote: “For every minute you are angry you lose sixty seconds of happiness.”
2024-07-04 14:47:41,042 - INFO - Scraping Page 4
2024-07-04 14:47:41,048 - INFO - Random quote: “The truth is, everyone is going to hurt you. You just got to find the ones worth suffering for.”
2024-07-04 14:47:44,264 - INFO - Scraping Page 5
2024-07-04 14:47:44,271 - INFO - Random quote: “Love does not begin and end the way we seem to think it does. Love is a battle, love is a war; love is a growing up.”
2024-07-04 14:47:47,536 - INFO - Scraping Page 6
2024-07-04 14:47:47,544 - INFO - Random quote: “If I were not a physicist, I would probably be a musician. I often think in music. I live my daydreams in music. I see my life in terms of music.”
2024-07-04 14:47:50,744 - INFO - Scraping Page 7
2024-07-04 14:47:50,748 - INFO - Random quote: “That's the problem with drinking, I thought, as I poured myself a drink. If something bad happens you drink in an attempt to forget; if something good happens you drink in order to celebrate; and if nothing happens you drink to make something happen.”
2024-07-04 14:47:53,991 - INFO - Scraping Page 8
2024-07-04 14:47:53,998 - INFO - Random quote: “If I had a flower for every time I thought of you...I could walk through my garden forever.”
2024-07-04 14:47:57,221 - INFO - Scraping Page 9
2024-07-04 14:47:57,227 - INFO - Random quote: “The fear of death follows from the fear of life. A man who lives fully is prepared to die at any time.”
2024-07-04 14:48:00,490 - INFO - Scraping Page 10
2024-07-04 14:48:00,497 - INFO - Random quote: “You have to write the book that wants to be written. And if the book will be too difficult for grown-ups, then you write it for children.”
2024-07-04 14:48:00,497 - INFO - No next page found, ending scraping.
